14:58:42 **** Rebuild of configuration Debug for project Nytt_Projekt ****
Info: Internal Builder is used for build
gcc -O0 -g3 -Wall -c -fmessage-length=0 -o "src\\Datesdiff.o" "..\\src\\Datesdiff.c" 
gcc -O0 -g3 -Wall -c -fmessage-length=0 -o "src\\Input_Control.o" "..\\src\\Input_Control.c" 
gcc -o Nytt_Projekt.exe "src\\Datesdiff.o" "src\\Input_Control.o" 
c:/mingw/bin/../lib/gcc/mingw32/9.2.0/../../../../mingw32/bin/ld.exe: c:/mingw/bin/../lib/gcc/mingw32/9.2.0/../../../libmingw32.a(main.o):(.text.startup+0xc0): undefined reference to `WinMain@16'
collect2.exe: error: ld returned 1 exit status
14:59:36 **** Incremental Build of configuration Debug for project Nytt_Projekt ****
Info: Internal Builder is used for build
gcc -O0 -g3 -Wall -c -fmessage-length=0 -o "src\\Datesdiff.o" "..\\src\\Datesdiff.c" 
gcc -O0 -g3 -Wall -c -fmessage-length=0 -o "src\\Input_Control.o" "..\\src\\Input_Control.c" 
gcc -o Nytt_Projekt.exe "src\\Datesdiff.o" "src\\Input_Control.o" 
c:/mingw/bin/../lib/gcc/mingw32/9.2.0/../../../../mingw32/bin/ld.exe: c:/mingw/bin/../lib/gcc/mingw32/9.2.0/../../../libmingw32.a(main.o):(.text.startup+0xc0): undefined reference to `WinMain@16'
collect2.exe: error: ld returned 1 exit status
15:11:03 **** Incremental Build of configuration Debug for project Nytt_Projekt ****
Info: Internal Builder is used for build
gcc -O0 -g3 -Wall -c -fmessage-length=0 -o "src\\Datesdiff.o" "..\\src\\Datesdiff.c" 
gcc -O0 -g3 -Wall -c -fmessage-length=0 -o "src\\Input_Control.o" "..\\src\\Input_Control.c" 
gcc -O0 -g3 -Wall -c -fmessage-length=0 -o "src\\Test_Main.o" "..\\src\\Test_Main.c" 
gcc -o Nytt_Projekt.exe "src\\Datesdiff.o" "src\\Input_Control.o" "src\\Test_Main.o" 
Info: Nothing to build for Nytt_Projekt
